<?xml version="1.0" encoding="UTF-8"?>
<coverage generated="1691108879476" clover="3.2.0">
  <project timestamp="1691108879476" name="All files">
    <metrics statements="4" coveredstatements="4" conditionals="2" coveredconditionals="1" methods="1" coveredmethods="1" elements="7" coveredelements="6" complexity="0" loc="4" ncloc="4" packages="1" files="1" classes="1"/>
    <file name="hello_world.ts" path="/home/webacademy/Projetos/WACAD017-fundamentos-ci_cd/lab03_01/src/hello_world.ts">
      <metrics statements="4" coveredstatements="4" conditionals="2" coveredconditionals="1" methods="1" coveredmethods="1"/>
      <line num="1" count="1" type="stmt"/>
      <line num="3" count="1" type="cond" truecount="1" falsecount="0"/>
      <line num="4" count="1" type="cond" truecount="0" falsecount="1"/>
      <line num="6" count="1" type="stmt"/>
    </file>
  </project>
</coverage>
